<component name="libraryTable">
  <library name="junit-4.8.1">
    <CLASSES>
      <root url="jar://$PROJECT_DIR$/../../../../MIU/Blocks/3rd MPP - Michael Yang (Jan 10,2022)/Assignments/junit-4.8.1.jar!/" />
    </CLASSES>
    <JAVADOC />
    <SOURCES />
  </library>
</component>